Using pre-set license
Built from '2020.2/staging' branch; Version is '2020.2.6f1 (8a2143876886) revision 9052483'; Using compiler version '192528614'; Build Type 'Release'
OS: 'Windows 10 Home; OS build 18363.1440; Version 1909; 64bit' Language: 'en' Physical Memory: 16227 MB
BatchMode: 1, IsHumanControllingUs: 0, StartBugReporterOnCrash: 0, Is64bit: 1, IsPro: 0

 COMMAND LINE ARGUMENTS:
C:\Users\31649\Documents\Unity\2020.2.6f1\Editor\Unity.exe
-adb2
-batchMode
-noUpm
-name
AssetImportWorker0
-projectPath
C:/Users/31649/Documents/GitHub/2020_ProjectHybrid/NarrativeGame/Metrampolis
-logFile
Logs/AssetImportWorker0.log
-srvPort
52960
Successfully changed project path to: C:/Users/31649/Documents/GitHub/2020_ProjectHybrid/NarrativeGame/Metrampolis
C:/Users/31649/Documents/GitHub/2020_ProjectHybrid/NarrativeGame/Metrampolis
Using Asset Import Pipeline V2.
Refreshing native plugins compatible for Editor in 111.99 ms, found 1 plugins.
Preloading 0 native plugins for Editor in 0.00 ms.
Initialize engine version: 2020.2.6f1 (8a2143876886)
[Subsystems] Discovering subsystems at path C:/Users/31649/Documents/Unity/2020.2.6f1/Editor/Data/Resources/UnitySubsystems
[Subsystems] Discovering subsystems at path C:/Users/31649/Documents/GitHub/2020_ProjectHybrid/NarrativeGame/Metrampolis/Assets
GfxDevice: creating device client; threaded=0
Direct3D:
    Version:  Direct3D 11.0 [level 11.1]
    Renderer: Intel(R) UHD Graphics 630 (ID=0x3e9b)
    Vendor:   
    VRAM:     8113 MB
    Driver:   27.20.100.8681
Initialize mono
Mono path[0] = 'C:/Users/31649/Documents/Unity/2020.2.6f1/Editor/Data/Managed'
Mono path[1] = 'C:/Users/31649/Documents/Unity/2020.2.6f1/Editor/Data/MonoBleedingEdge/lib/mono/unityjit'
Mono config path = 'C:/Users/31649/Documents/Unity/2020.2.6f1/Editor/Data/MonoBleedingEdge/etc'
Using monoOptions --debugger-agent=transport=dt_socket,embedding=1,server=y,suspend=n,address=127.0.0.1:56996
Begin MonoManager ReloadAssembly
Registering precompiled unity dll's ...
Register platform support module: C:/Users/31649/Documents/Unity/2020.2.6f1/Editor/Data/PlaybackEngines/WebGLSupport/UnityEditor.WebGL.Extensions.dll
Register platform support module: C:/Users/31649/Documents/Unity/2020.2.6f1/Editor/Data/PlaybackEngines/MacStandaloneSupport/UnityEditor.OSXStandalone.Extensions.dll
Register platform support module: C:/Users/31649/Documents/Unity/2020.2.6f1/Editor/Data/PlaybackEngines/WindowsStandaloneSupport/UnityEditor.WindowsStandalone.Extensions.dll
Registered in 0.004784 seconds.
Native extension for WindowsStandalone target not found
Native extension for OSXStandalone target not found
Native extension for WebGL target not found
Refreshing native plugins compatible for Editor in 90.24 ms, found 1 plugins.
Preloading 0 native plugins for Editor in 0.00 ms.
Invoked RoslynAnalysisRunner static constructor.
RoslynAnalysisRunner will not be running.
RoslynAnalysisRunner has terminated.
Mono: successfully reloaded assembly
- Completed reload, in  4.067 seconds
Platform modules already initialized, skipping
Registering precompiled user dll's ...
Registered in 0.003146 seconds.
Begin MonoManager ReloadAssembly
Native extension for WindowsStandalone target not found
Native extension for OSXStandalone target not found
Native extension for WebGL target not found
Refreshing native plugins compatible for Editor in 68.64 ms, found 1 plugins.
Preloading 0 native plugins for Editor in 0.00 ms.
Invoked RoslynAnalysisRunner static constructor.
RoslynAnalysisRunner will not be running.
RoslynAnalysisRunner has terminated.
Mono: successfully reloaded assembly
- Completed reload, in  1.973 seconds
Platform modules already initialized, skipping
========================================================================
Worker process is ready to serve import requests
Launched and connected shader compiler UnityShaderCompiler.exe after 0.08 seconds
Refreshing native plugins compatible for Editor in 0.67 ms, found 1 plugins.
Preloading 0 native plugins for Editor in 0.00 ms.
Unloading 2551 Unused Serialized files (Serialized files now loaded: 0)
System memory in use before: 107.6 MB.
System memory in use after: 107.7 MB.

Unloading 19 unused Assets to reduce memory usage. Loaded Objects now: 3000.
Total: 2.880400 ms (FindLiveObjects: 0.479900 ms CreateObjectMapping: 0.145800 ms MarkObjects: 2.157500 ms  DeleteObjects: 0.092800 ms)

========================================================================
Received Import Request.
  path: Assets/Fonts/WorkSans-Italic-VariableFont_wght.ttf
  artifactKey: Guid(f767c48ae4fb7854eba21c76e4151780) Importer(815301076,1909f56bfc062723c751e8b465ee728b)
Start importing Assets/Fonts/WorkSans-Italic-VariableFont_wght.ttf using Guid(f767c48ae4fb7854eba21c76e4151780) Importer(815301076,1909f56bfc062723c751e8b465ee728b)  -> (artifact id: '0546c673cc500bb8c3bc35fe00c3b784') in 0.232533 seconds
  Import took 0.239370 seconds .

========================================================================
Received Import Request.
  Time since last request: 0.000752 seconds.
  path: Assets/Fonts/WorkSans-VariableFont_wght.ttf
  artifactKey: Guid(ddee0354afc16a94a83a6c54fe71cc84) Importer(815301076,1909f56bfc062723c751e8b465ee728b)
Start importing Assets/Fonts/WorkSans-VariableFont_wght.ttf using Guid(ddee0354afc16a94a83a6c54fe71cc84) Importer(815301076,1909f56bfc062723c751e8b465ee728b)  -> (artifact id: '5a5bc190de0ca06b91aca7a590d7a9ec') in 0.032886 seconds
  Import took 0.041629 seconds .

========================================================================
Received Import Request.
  Time since last request: 0.000622 seconds.
  path: Assets/Fonts
  artifactKey: Guid(d62f0b3b75bfa41439e9221b28ac1b2d) Importer(815301076,1909f56bfc062723c751e8b465ee728b)
Start importing Assets/Fonts using Guid(d62f0b3b75bfa41439e9221b28ac1b2d) Importer(815301076,1909f56bfc062723c751e8b465ee728b)  -> (artifact id: 'a48f064dbbf3ce3d738be577bee9f1d2') in 0.005340 seconds
  Import took 0.012840 seconds .

========================================================================
Received Import Request.
  Time since last request: 27.313073 seconds.
  path: Assets/Sprites/Group 5.png
  artifactKey: Guid(abfc9e5c977ac504cacd534956169618) Importer(815301076,1909f56bfc062723c751e8b465ee728b)
Start importing Assets/Sprites/Group 5.png using Guid(abfc9e5c977ac504cacd534956169618) Importer(815301076,1909f56bfc062723c751e8b465ee728b)  -> (artifact id: '6dcda881ee8d66480fafbbe7f44886af') in 0.113889 seconds
  Import took 0.122576 seconds .

========================================================================
Received Import Request.
  Time since last request: 0.000559 seconds.
  path: Assets/Sprites/Popup_Background.png
  artifactKey: Guid(87a248e9d3ff94e4cb60572e133f0746) Importer(815301076,1909f56bfc062723c751e8b465ee728b)
Start importing Assets/Sprites/Popup_Background.png using Guid(87a248e9d3ff94e4cb60572e133f0746) Importer(815301076,1909f56bfc062723c751e8b465ee728b)  -> (artifact id: 'a249dc151d5a10f39de490662eb6dce5') in 0.015709 seconds
  Import took 0.022657 seconds .

========================================================================
Received Import Request.
  Time since last request: 0.000415 seconds.
  path: Assets/Sprites/Group 10.png
  artifactKey: Guid(622c26a38fbd4b546bc7035fd7664934) Importer(815301076,1909f56bfc062723c751e8b465ee728b)
Start importing Assets/Sprites/Group 10.png using Guid(622c26a38fbd4b546bc7035fd7664934) Importer(815301076,1909f56bfc062723c751e8b465ee728b)  -> (artifact id: 'aef35afb338d002028631dc6a1f2d6d7') in 0.012125 seconds
  Import took 0.018110 seconds .

========================================================================
Received Import Request.
  Time since last request: 0.000631 seconds.
  path: Assets/Sprites/Stops.png
  artifactKey: Guid(bc06ed216ef5b964697b126de845a773) Importer(815301076,1909f56bfc062723c751e8b465ee728b)
Start importing Assets/Sprites/Stops.png using Guid(bc06ed216ef5b964697b126de845a773) Importer(815301076,1909f56bfc062723c751e8b465ee728b)  -> (artifact id: '94b082f018efb984d89184b821ee64ac') in 0.018085 seconds
  Import took 0.024213 seconds .

========================================================================
Received Import Request.
  Time since last request: 0.000472 seconds.
  path: Assets/Sprites/Line 16.png
  artifactKey: Guid(dc2bd81cd659ea04a93a4dc1a3bf0fc9) Importer(815301076,1909f56bfc062723c751e8b465ee728b)
Start importing Assets/Sprites/Line 16.png using Guid(dc2bd81cd659ea04a93a4dc1a3bf0fc9) Importer(815301076,1909f56bfc062723c751e8b465ee728b)  -> (artifact id: '38061b1b315b108c713aa54a8c8fbb66') in 0.014685 seconds
  Import took 0.021112 seconds .

========================================================================
Received Import Request.
  Time since last request: 0.000562 seconds.
  path: Assets/Sprites/Line 15.png
  artifactKey: Guid(c465166a09a9e1149879a304ce2f4f61) Importer(815301076,1909f56bfc062723c751e8b465ee728b)
Start importing Assets/Sprites/Line 15.png using Guid(c465166a09a9e1149879a304ce2f4f61) Importer(815301076,1909f56bfc062723c751e8b465ee728b)  -> (artifact id: '89cd73b01e2b9294de31fb443719467d') in 0.012268 seconds
  Import took 0.019677 seconds .

========================================================================
Received Import Request.
  Time since last request: 0.000558 seconds.
  path: Assets/Sprites/Group 11.png
  artifactKey: Guid(7524e4c7ee66e1f45ba960d7dd87edc0) Importer(815301076,1909f56bfc062723c751e8b465ee728b)
Start importing Assets/Sprites/Group 11.png using Guid(7524e4c7ee66e1f45ba960d7dd87edc0) Importer(815301076,1909f56bfc062723c751e8b465ee728b)  -> (artifact id: 'f9ccfb708c1f4a639e7664cf0c6df28b') in 0.017798 seconds
  Import took 0.025966 seconds .

========================================================================
Received Import Request.
  Time since last request: 0.000541 seconds.
  path: Assets/Sprites/Group 13.png
  artifactKey: Guid(c307c35cfb2780d4aace569b53234f58) Importer(815301076,1909f56bfc062723c751e8b465ee728b)
Start importing Assets/Sprites/Group 13.png using Guid(c307c35cfb2780d4aace569b53234f58) Importer(815301076,1909f56bfc062723c751e8b465ee728b)  -> (artifact id: '0a2703f3bf5d1df90d928057295c1575') in 0.017806 seconds
  Import took 0.026276 seconds .

========================================================================
Received Import Request.
  Time since last request: 0.000836 seconds.
  path: Assets/Sprites/up for bidding.png
  artifactKey: Guid(91e5271f58f526940bf4df17a2fac067) Importer(815301076,1909f56bfc062723c751e8b465ee728b)
Start importing Assets/Sprites/up for bidding.png using Guid(91e5271f58f526940bf4df17a2fac067) Importer(815301076,1909f56bfc062723c751e8b465ee728b)  -> (artifact id: '38c32f3a8f07daa1d9b80c37f6b2086a') in 0.015759 seconds
  Import took 0.023939 seconds .

========================================================================
Received Import Request.
  Time since last request: 0.000554 seconds.
  path: Assets/Sprites/our lines.png
  artifactKey: Guid(e1c066639a2c5674cac1954972728640) Importer(815301076,1909f56bfc062723c751e8b465ee728b)
Start importing Assets/Sprites/our lines.png using Guid(e1c066639a2c5674cac1954972728640) Importer(815301076,1909f56bfc062723c751e8b465ee728b)  -> (artifact id: '91c8e1180dfe200e93fa4b9d6017d548') in 0.018403 seconds
  Import took 0.029144 seconds .

========================================================================
Received Import Request.
  Time since last request: 0.000651 seconds.
  path: Assets/Sprites/Zoom_Minus.png
  artifactKey: Guid(02f29fb471e9b3646863015c4871ab38) Importer(815301076,1909f56bfc062723c751e8b465ee728b)
Start importing Assets/Sprites/Zoom_Minus.png using Guid(02f29fb471e9b3646863015c4871ab38) Importer(815301076,1909f56bfc062723c751e8b465ee728b)  -> (artifact id: '790ba29f742175b2e8e7335e26aae6dd') in 0.014591 seconds
  Import took 0.021974 seconds .

========================================================================
Received Import Request.
  Time since last request: 0.000568 seconds.
  path: Assets/Sprites/map-2.png
  artifactKey: Guid(bff66eb0a8487df4082d0627a2464d1e) Importer(815301076,1909f56bfc062723c751e8b465ee728b)
Start importing Assets/Sprites/map-2.png using Guid(bff66eb0a8487df4082d0627a2464d1e) Importer(815301076,1909f56bfc062723c751e8b465ee728b)  -> (artifact id: '3588d0d3618916bef6c2bb0e7dd12a14') in 0.072937 seconds
  Import took 0.080122 seconds .

========================================================================
Received Import Request.
  Time since last request: 0.000448 seconds.
  path: Assets/Sprites/Rivals.png
  artifactKey: Guid(a6d304a10973f3949821e4c61b0ef2c7) Importer(815301076,1909f56bfc062723c751e8b465ee728b)
Start importing Assets/Sprites/Rivals.png using Guid(a6d304a10973f3949821e4c61b0ef2c7) Importer(815301076,1909f56bfc062723c751e8b465ee728b)  -> (artifact id: '2934bc8346fba7808a97b909081a902a') in 0.013382 seconds
  Import took 0.021564 seconds .

========================================================================
Received Import Request.
  Time since last request: 0.000741 seconds.
  path: Assets/Sprites/Group 9.png
  artifactKey: Guid(cc869aa0075c58e4fb2960de090c2b02) Importer(815301076,1909f56bfc062723c751e8b465ee728b)
Start importing Assets/Sprites/Group 9.png using Guid(cc869aa0075c58e4fb2960de090c2b02) Importer(815301076,1909f56bfc062723c751e8b465ee728b)  -> (artifact id: 'dd2d980a59bf6a08afac66fd786af468') in 0.013901 seconds
  Import took 0.021018 seconds .

========================================================================
Received Import Request.
  Time since last request: 0.000452 seconds.
  path: Assets/Sprites/Group 12.png
  artifactKey: Guid(485cb32fe4041874d95fcf94421b0b2d) Importer(815301076,1909f56bfc062723c751e8b465ee728b)
Start importing Assets/Sprites/Group 12.png using Guid(485cb32fe4041874d95fcf94421b0b2d) Importer(815301076,1909f56bfc062723c751e8b465ee728b)  -> (artifact id: '4ac8e830f830c8b72c3a07e62268e1c1') in 0.014164 seconds
  Import took 0.021538 seconds .

========================================================================
Received Import Request.
  Time since last request: 570.685786 seconds.
  path: Assets/Fungus
  artifactKey: Guid(120b23b5240c94aee960b7434706811c) Importer(815301076,1909f56bfc062723c751e8b465ee728b)
Start importing Assets/Fungus using Guid(120b23b5240c94aee960b7434706811c) Importer(815301076,1909f56bfc062723c751e8b465ee728b)  -> (artifact id: '13b79df997ea9f9652dc92706942e184') in 0.014722 seconds
  Import took 0.035892 seconds .

========================================================================
Received Import Request.
  Time since last request: 0.014808 seconds.
  path: Assets/Fungus/Fungus.asmdef
  artifactKey: Guid(007db7f7a4c8f944990d71603a110f82) Importer(815301076,1909f56bfc062723c751e8b465ee728b)
Start importing Assets/Fungus/Fungus.asmdef using Guid(007db7f7a4c8f944990d71603a110f82) Importer(815301076,1909f56bfc062723c751e8b465ee728b)  -> (artifact id: 'a27c61c96aa4081a43a399e0ec784b11') in 0.040991 seconds
  Import took 0.056134 seconds .

========================================================================
Received Import Request.
  Time since last request: 15.166890 seconds.
  path: Assets/Fungus/Textures
  artifactKey: Guid(8dea678f784954ce3b1e6b1845374ef0) Importer(815301076,1909f56bfc062723c751e8b465ee728b)
Start importing Assets/Fungus/Textures using Guid(8dea678f784954ce3b1e6b1845374ef0) Importer(815301076,1909f56bfc062723c751e8b465ee728b)  -> (artifact id: '4858fb26892440c09c1d9b90328cd84d') in 0.009005 seconds
  Import took 0.020050 seconds .

========================================================================
Received Import Request.
  Time since last request: 0.011824 seconds.
  path: Assets/Fungus/Textures/ScreenFade.png
  artifactKey: Guid(f6c7b1f3a78a24703b70c746d8b9c768) Importer(815301076,1909f56bfc062723c751e8b465ee728b)
Start importing Assets/Fungus/Textures/ScreenFade.png using Guid(f6c7b1f3a78a24703b70c746d8b9c768) Importer(815301076,1909f56bfc062723c751e8b465ee728b)  -> (artifact id: 'dc7a495c3390a94f3811c7987fa06033') in 0.024325 seconds
  Import took 0.038544 seconds .

========================================================================
Received Import Request.
  Time since last request: 0.000789 seconds.
  path: Assets/Fungus/Textures/SwipePanIcon.png
  artifactKey: Guid(41bc737f4dc1b40db872aca00bcd7d4b) Importer(815301076,1909f56bfc062723c751e8b465ee728b)
Start importing Assets/Fungus/Textures/SwipePanIcon.png using Guid(41bc737f4dc1b40db872aca00bcd7d4b) Importer(815301076,1909f56bfc062723c751e8b465ee728b)  -> (artifact id: 'f99ee727351e0e89058c19ed0c8a15e5') in 0.020102 seconds
  Import took 0.030922 seconds .

========================================================================
Received Import Request.
  Time since last request: 11.366278 seconds.
  path: Assets/Fungus/Scripts
  artifactKey: Guid(fa184a0dd8f1c46cbb12b7fcf9b1b06a) Importer(815301076,1909f56bfc062723c751e8b465ee728b)
Start importing Assets/Fungus/Scripts using Guid(fa184a0dd8f1c46cbb12b7fcf9b1b06a) Importer(815301076,1909f56bfc062723c751e8b465ee728b)  -> (artifact id: '0ae960c7e8ca168506227dca39fdbe6c') in 0.004530 seconds
  Import took 0.010807 seconds .

========================================================================
Received Import Request.
  Time since last request: 4.322168 seconds.
  path: Assets/Fungus/Scripts/Interfaces
  artifactKey: Guid(8d3bdad29f4e0468c823545b6658a25f) Importer(815301076,1909f56bfc062723c751e8b465ee728b)
Start importing Assets/Fungus/Scripts/Interfaces using Guid(8d3bdad29f4e0468c823545b6658a25f) Importer(815301076,1909f56bfc062723c751e8b465ee728b)  -> (artifact id: '323a99b1d8dd2ba416468f2c2a6819a8') in 0.006188 seconds
  Import took 0.015153 seconds .

========================================================================
Received Import Request.
  Time since last request: 19.767686 seconds.
  path: Assets/Fungus/Scripts/Interfaces/IDialogInputListener.cs
  artifactKey: Guid(daaafdda848514f7caee7d3a2b70a30c) Importer(815301076,1909f56bfc062723c751e8b465ee728b)
Start importing Assets/Fungus/Scripts/Interfaces/IDialogInputListener.cs using Guid(daaafdda848514f7caee7d3a2b70a30c) Importer(815301076,1909f56bfc062723c751e8b465ee728b)  -> (artifact id: 'a5888a4e0c00983ffff04e017104d629') in 0.064022 seconds
  Import took 0.080229 seconds .

========================================================================
Received Prepare
Registering precompiled user dll's ...
Registered in 0.002891 seconds.
Begin MonoManager ReloadAssembly
Native extension for WindowsStandalone target not found
Native extension for OSXStandalone target not found
Native extension for WebGL target not found
Refreshing native plugins compatible for Editor in 0.98 ms, found 1 plugins.
Preloading 0 native plugins for Editor in 0.00 ms.
Invoked RoslynAnalysisRunner static constructor.
RoslynAnalysisRunner will not be running.
RoslynAnalysisRunner has terminated.
Mono: successfully reloaded assembly
- Completed reload, in  2.654 seconds
Platform modules already initialized, skipping
Refreshing native plugins compatible for Editor in 0.69 ms, found 1 plugins.
Preloading 0 native plugins for Editor in 0.00 ms.
Unloading 2530 Unused Serialized files (Serialized files now loaded: 0)
System memory in use before: 109.7 MB.
System memory in use after: 110.0 MB.

Unloading 8 unused Assets to reduce memory usage. Loaded Objects now: 3075.
Total: 3.027400 ms (FindLiveObjects: 0.382600 ms CreateObjectMapping: 0.142200 ms MarkObjects: 2.480300 ms  DeleteObjects: 0.020700 ms)

========================================================================
Received Import Request.
  Time since last request: 284.657636 seconds.
  path: Assets/Fungus/Resources/Prefabs/SayDialog.prefab
  artifactKey: Guid(8a005a9e0713f4cc1b5ad29fb07657d3) Importer(815301076,1909f56bfc062723c751e8b465ee728b)
Start importing Assets/Fungus/Resources/Prefabs/SayDialog.prefab using Guid(8a005a9e0713f4cc1b5ad29fb07657d3) Importer(815301076,1909f56bfc062723c751e8b465ee728b)  -> (artifact id: 'de645b1840fcec3252ee77ff3ff5bbdb') in 0.176136 seconds
  Import took 0.194245 seconds .

========================================================================
Received Import Request.
  Time since last request: 23.521048 seconds.
  path: Assets/FungusExamples/TheFacility/Fonts/aleo/Aleo-Regular.otf
  artifactKey: Guid(43bce127d27b74a66a29b68d0de90ddb) Importer(815301076,1909f56bfc062723c751e8b465ee728b)
Start importing Assets/FungusExamples/TheFacility/Fonts/aleo/Aleo-Regular.otf using Guid(43bce127d27b74a66a29b68d0de90ddb) Importer(815301076,1909f56bfc062723c751e8b465ee728b)  -> (artifact id: '50fabccfe4f52841a9c65bd05f517ef8') in 0.105871 seconds
  Import took 0.115226 seconds .

========================================================================
Received Import Request.
  Time since last request: 0.000684 seconds.
  path: Assets/Fungus/Fonts/Exo2/Exo2-Bold.ttf
  artifactKey: Guid(38fb69338d588b64ea5f2c219db3056b) Importer(815301076,1909f56bfc062723c751e8b465ee728b)
Start importing Assets/Fungus/Fonts/Exo2/Exo2-Bold.ttf using Guid(38fb69338d588b64ea5f2c219db3056b) Importer(815301076,1909f56bfc062723c751e8b465ee728b)  -> (artifact id: 'c80d980ddb6e064984b00cfda0365d6d') in 0.020046 seconds
  Import took 0.028906 seconds .

========================================================================
Received Import Request.
  Time since last request: 0.000641 seconds.
  path: Assets/Fungus/Fonts/Amaranth/Amaranth-Bold.otf
  artifactKey: Guid(64bd3e45f7a714f16b3c213f55f17fea) Importer(815301076,1909f56bfc062723c751e8b465ee728b)
Start importing Assets/Fungus/Fonts/Amaranth/Amaranth-Bold.otf using Guid(64bd3e45f7a714f16b3c213f55f17fea) Importer(815301076,1909f56bfc062723c751e8b465ee728b)  -> (artifact id: '04ae7c2630e5891c5b1b3fe6583c5525') in 0.025033 seconds
  Import took 0.034978 seconds .

========================================================================
Received Import Request.
  Time since last request: 0.000567 seconds.
  path: Assets/Fungus/Fonts/Exo2/Exo2-Regular.ttf
  artifactKey: Guid(79197ecfbc3a4294a89ce589dac02cf2) Importer(815301076,1909f56bfc062723c751e8b465ee728b)
Start importing Assets/Fungus/Fonts/Exo2/Exo2-Regular.ttf using Guid(79197ecfbc3a4294a89ce589dac02cf2) Importer(815301076,1909f56bfc062723c751e8b465ee728b)  -> (artifact id: '7502e23bbdf3dff9940f4a297372896f') in 0.016826 seconds
  Import took 0.025582 seconds .

========================================================================
Received Import Request.
  Time since last request: 0.000780 seconds.
  path: Assets/Fungus/Fonts/Amaranth/Amaranth-BoldItalic.otf
  artifactKey: Guid(30083fe2d35a6490b8f1e57e0d830527) Importer(815301076,1909f56bfc062723c751e8b465ee728b)
Start importing Assets/Fungus/Fonts/Amaranth/Amaranth-BoldItalic.otf using Guid(30083fe2d35a6490b8f1e57e0d830527) Importer(815301076,1909f56bfc062723c751e8b465ee728b)  -> (artifact id: '3fa8e83cc6c8931ce7fec0958db570cb') in 0.022619 seconds
  Import took 0.030440 seconds .

========================================================================
Received Import Request.
  Time since last request: 0.000660 seconds.
  path: Assets/Fungus/Fonts/Amaranth/Amaranth-Italic.otf
  artifactKey: Guid(b4e86052de8904394807b3f10e18a9f6) Importer(815301076,1909f56bfc062723c751e8b465ee728b)
Start importing Assets/Fungus/Fonts/Amaranth/Amaranth-Italic.otf using Guid(b4e86052de8904394807b3f10e18a9f6) Importer(815301076,1909f56bfc062723c751e8b465ee728b)  -> (artifact id: 'c77edeca7fcd11f1850a331b43f0c767') in 0.017237 seconds
  Import took 0.023279 seconds .

========================================================================
Received Import Request.
  Time since last request: 0.000491 seconds.
  path: Assets/Fungus/Fonts/Amaranth/Amaranth-Regular.otf
  artifactKey: Guid(bb145366ce7024469a5758b08d31802c) Importer(815301076,1909f56bfc062723c751e8b465ee728b)
Start importing Assets/Fungus/Fonts/Amaranth/Amaranth-Regular.otf using Guid(bb145366ce7024469a5758b08d31802c) Importer(815301076,1909f56bfc062723c751e8b465ee728b)  -> (artifact id: '463fae189147031f7c76ef1b89706509') in 0.031092 seconds
  Import took 0.037985 seconds .

========================================================================
Received Import Request.
  Time since last request: 0.000668 seconds.
  path: Assets/Fungus/Fonts/Amaranth/Amaranth-Italic.otf
  artifactKey: Guid(b4e86052de8904394807b3f10e18a9f6) Importer(815301076,1909f56bfc062723c751e8b465ee728b)
Start importing Assets/Fungus/Fonts/Amaranth/Amaranth-Italic.otf using Guid(b4e86052de8904394807b3f10e18a9f6) Importer(815301076,1909f56bfc062723c751e8b465ee728b)  -> (artifact id: 'c77edeca7fcd11f1850a331b43f0c767') in 0.039086 seconds
  Import took 0.050753 seconds .

========================================================================
Received Prepare
Registering precompiled user dll's ...
Registered in 0.002618 seconds.
Begin MonoManager ReloadAssembly
Native extension for WindowsStandalone target not found
Native extension for OSXStandalone target not found
Native extension for WebGL target not found
Refreshing native plugins compatible for Editor in 1.02 ms, found 1 plugins.
Preloading 0 native plugins for Editor in 0.00 ms.
Invoked RoslynAnalysisRunner static constructor.
RoslynAnalysisRunner will not be running.
RoslynAnalysisRunner has terminated.
Mono: successfully reloaded assembly
- Completed reload, in  2.635 seconds
Platform modules already initialized, skipping
Refreshing native plugins compatible for Editor in 0.66 ms, found 1 plugins.
Preloading 0 native plugins for Editor in 0.00 ms.
Unloading 2530 Unused Serialized files (Serialized files now loaded: 0)
System memory in use before: 110.0 MB.
System memory in use after: 110.2 MB.

Unloading 8 unused Assets to reduce memory usage. Loaded Objects now: 3081.
Total: 4.321200 ms (FindLiveObjects: 0.517400 ms CreateObjectMapping: 0.189400 ms MarkObjects: 3.575100 ms  DeleteObjects: 0.037200 ms)

========================================================================
Received Import Request.
  Time since last request: 9.185708 seconds.
  path: Assets/Fungus/Resources/Prefabs/SayDialog.prefab
  artifactKey: Guid(8a005a9e0713f4cc1b5ad29fb07657d3) Importer(815301076,1909f56bfc062723c751e8b465ee728b)
Start importing Assets/Fungus/Resources/Prefabs/SayDialog.prefab using Guid(8a005a9e0713f4cc1b5ad29fb07657d3) Importer(815301076,1909f56bfc062723c751e8b465ee728b)  -> (artifact id: '77790d08841cfecab1506f6042d723b8') in 0.136318 seconds
  Import took 0.147163 seconds .

========================================================================
Received Import Request.
  Time since last request: 3.252536 seconds.
  path: Assets/Fungus/Resources/Prefabs/SayDialog.prefab
  artifactKey: Guid(8a005a9e0713f4cc1b5ad29fb07657d3) Importer(815301076,1909f56bfc062723c751e8b465ee728b)
Start importing Assets/Fungus/Resources/Prefabs/SayDialog.prefab using Guid(8a005a9e0713f4cc1b5ad29fb07657d3) Importer(815301076,1909f56bfc062723c751e8b465ee728b)  -> (artifact id: '009487d8e78a4ed4036bdbcb679c7677') in 0.015782 seconds
  Import took 0.024156 seconds .

========================================================================
Received Import Request.
  Time since last request: 14.543367 seconds.
  path: Assets/Fungus/Resources/Prefabs/SayDialog.prefab
  artifactKey: Guid(8a005a9e0713f4cc1b5ad29fb07657d3) Importer(815301076,1909f56bfc062723c751e8b465ee728b)
Start importing Assets/Fungus/Resources/Prefabs/SayDialog.prefab using Guid(8a005a9e0713f4cc1b5ad29fb07657d3) Importer(815301076,1909f56bfc062723c751e8b465ee728b)  -> (artifact id: '113739ff074c19aecbbc2c7aeb707b7f') in 0.025049 seconds
  Import took 0.041514 seconds .

========================================================================
Received Import Request.
  Time since last request: 24.578889 seconds.
  path: Assets/Fungus/Resources/Prefabs/SayDialog.prefab
  artifactKey: Guid(8a005a9e0713f4cc1b5ad29fb07657d3) Importer(815301076,1909f56bfc062723c751e8b465ee728b)
Start importing Assets/Fungus/Resources/Prefabs/SayDialog.prefab using Guid(8a005a9e0713f4cc1b5ad29fb07657d3) Importer(815301076,1909f56bfc062723c751e8b465ee728b)  -> (artifact id: '80a895c3f379cbf87bcd5c9e70cdf766') in 0.014042 seconds
  Import took 0.020373 seconds .

========================================================================
Received Import Request.
  Time since last request: 30.060295 seconds.
  path: Assets/Fungus/Resources/Prefabs/SayDialog.prefab
  artifactKey: Guid(8a005a9e0713f4cc1b5ad29fb07657d3) Importer(815301076,1909f56bfc062723c751e8b465ee728b)
Start importing Assets/Fungus/Resources/Prefabs/SayDialog.prefab using Guid(8a005a9e0713f4cc1b5ad29fb07657d3) Importer(815301076,1909f56bfc062723c751e8b465ee728b)  -> (artifact id: '8bac3c85c226acad3904a36922084840') in 0.041897 seconds
  Import took 0.064501 seconds .

========================================================================
Received Import Request.
  Time since last request: 6.927705 seconds.
  path: Assets/Fungus/Resources/Prefabs/SayDialog.prefab
  artifactKey: Guid(8a005a9e0713f4cc1b5ad29fb07657d3) Importer(815301076,1909f56bfc062723c751e8b465ee728b)
Start importing Assets/Fungus/Resources/Prefabs/SayDialog.prefab using Guid(8a005a9e0713f4cc1b5ad29fb07657d3) Importer(815301076,1909f56bfc062723c751e8b465ee728b)  -> (artifact id: '8e9e27e00a4b08dd186f866697b596cd') in 0.017109 seconds
  Import took 0.025332 seconds .

========================================================================
Received Import Request.
  Time since last request: 6.705203 seconds.
  path: Assets/Fungus/Resources/Prefabs/SayDialog.prefab
  artifactKey: Guid(8a005a9e0713f4cc1b5ad29fb07657d3) Importer(815301076,1909f56bfc062723c751e8b465ee728b)
Start importing Assets/Fungus/Resources/Prefabs/SayDialog.prefab using Guid(8a005a9e0713f4cc1b5ad29fb07657d3) Importer(815301076,1909f56bfc062723c751e8b465ee728b)  -> (artifact id: 'ff27ea0a4437e1786c74870ab3c4da2e') in 0.018852 seconds
  Import took 0.027756 seconds .

========================================================================
Received Import Request.
  Time since last request: 7.080661 seconds.
  path: Assets/Fungus/Resources/Prefabs/SayDialog.prefab
  artifactKey: Guid(8a005a9e0713f4cc1b5ad29fb07657d3) Importer(815301076,1909f56bfc062723c751e8b465ee728b)
Start importing Assets/Fungus/Resources/Prefabs/SayDialog.prefab using Guid(8a005a9e0713f4cc1b5ad29fb07657d3) Importer(815301076,1909f56bfc062723c751e8b465ee728b)  -> (artifact id: '38aad9262cfd333cc3daf7e297da9b1d') in 0.029238 seconds
  Import took 0.042708 seconds .

========================================================================
Received Import Request.
  Time since last request: 11.428010 seconds.
  path: Assets/Fungus/Resources/Prefabs/SayDialog.prefab
  artifactKey: Guid(8a005a9e0713f4cc1b5ad29fb07657d3) Importer(815301076,1909f56bfc062723c751e8b465ee728b)
Start importing Assets/Fungus/Resources/Prefabs/SayDialog.prefab using Guid(8a005a9e0713f4cc1b5ad29fb07657d3) Importer(815301076,1909f56bfc062723c751e8b465ee728b)  -> (artifact id: '8fee2d4bfc2c6d667bd6d157c4e6c92b') in 0.016597 seconds
  Import took 0.026526 seconds .

========================================================================
Received Import Request.
  Time since last request: 18.679395 seconds.
  path: Assets/Fungus/Resources/Prefabs/SayDialog.prefab
  artifactKey: Guid(8a005a9e0713f4cc1b5ad29fb07657d3) Importer(815301076,1909f56bfc062723c751e8b465ee728b)
Start importing Assets/Fungus/Resources/Prefabs/SayDialog.prefab using Guid(8a005a9e0713f4cc1b5ad29fb07657d3) Importer(815301076,1909f56bfc062723c751e8b465ee728b)  -> (artifact id: '0683424afecdf3b8714498a742c0e8e8') in 0.022862 seconds
  Import took 0.035498 seconds .

========================================================================
Received Import Request.
  Time since last request: 9.400851 seconds.
  path: Assets/Fungus/Resources/Prefabs/SayDialog.prefab
  artifactKey: Guid(8a005a9e0713f4cc1b5ad29fb07657d3) Importer(815301076,1909f56bfc062723c751e8b465ee728b)
Start importing Assets/Fungus/Resources/Prefabs/SayDialog.prefab using Guid(8a005a9e0713f4cc1b5ad29fb07657d3) Importer(815301076,1909f56bfc062723c751e8b465ee728b)  -> (artifact id: 'e7b26a5d334fbf8b5c178b80892c3ee2') in 0.015846 seconds
  Import took 0.023286 seconds .

========================================================================
Received Import Request.
  Time since last request: 6.131404 seconds.
  path: Assets/Fungus/Resources/Prefabs/SayDialog.prefab
  artifactKey: Guid(8a005a9e0713f4cc1b5ad29fb07657d3) Importer(815301076,1909f56bfc062723c751e8b465ee728b)
Start importing Assets/Fungus/Resources/Prefabs/SayDialog.prefab using Guid(8a005a9e0713f4cc1b5ad29fb07657d3) Importer(815301076,1909f56bfc062723c751e8b465ee728b)  -> (artifact id: 'dfa880211d016338d598ecf1e3b34dcb') in 0.016974 seconds
  Import took 0.028013 seconds .

========================================================================
Received Import Request.
  Time since last request: 2.744167 seconds.
  path: Assets/Fungus/Resources/Prefabs/SayDialog.prefab
  artifactKey: Guid(8a005a9e0713f4cc1b5ad29fb07657d3) Importer(815301076,1909f56bfc062723c751e8b465ee728b)
Start importing Assets/Fungus/Resources/Prefabs/SayDialog.prefab using Guid(8a005a9e0713f4cc1b5ad29fb07657d3) Importer(815301076,1909f56bfc062723c751e8b465ee728b)  -> (artifact id: 'd5dbfbf73ca91f789e169666ff0879e2') in 0.019321 seconds
  Import took 0.030922 seconds .

========================================================================
Received Import Request.
  Time since last request: 3.079702 seconds.
  path: Assets/Fungus/Resources/Prefabs/SayDialog.prefab
  artifactKey: Guid(8a005a9e0713f4cc1b5ad29fb07657d3) Importer(815301076,1909f56bfc062723c751e8b465ee728b)
Start importing Assets/Fungus/Resources/Prefabs/SayDialog.prefab using Guid(8a005a9e0713f4cc1b5ad29fb07657d3) Importer(815301076,1909f56bfc062723c751e8b465ee728b)  -> (artifact id: '7e963ea5888f7edd7e101f23066f3b01') in 0.017525 seconds
  Import took 0.026139 seconds .

========================================================================
Received Import Request.
  Time since last request: 9.677340 seconds.
  path: Assets/Fungus/Resources/Prefabs/SayDialog.prefab
  artifactKey: Guid(8a005a9e0713f4cc1b5ad29fb07657d3) Importer(815301076,1909f56bfc062723c751e8b465ee728b)
Start importing Assets/Fungus/Resources/Prefabs/SayDialog.prefab using Guid(8a005a9e0713f4cc1b5ad29fb07657d3) Importer(815301076,1909f56bfc062723c751e8b465ee728b)  -> (artifact id: '659e037293974d4ec0f047635e97cc97') in 0.017879 seconds
  Import took 0.029503 seconds .

========================================================================
Received Import Request.
  Time since last request: 42.499271 seconds.
  path: Assets/Fungus/Resources/Prefabs/SayDialog.prefab
  artifactKey: Guid(8a005a9e0713f4cc1b5ad29fb07657d3) Importer(815301076,1909f56bfc062723c751e8b465ee728b)
Start importing Assets/Fungus/Resources/Prefabs/SayDialog.prefab using Guid(8a005a9e0713f4cc1b5ad29fb07657d3) Importer(815301076,1909f56bfc062723c751e8b465ee728b)  -> (artifact id: 'd4181bbf641c82c436934e673439ee39') in 0.021312 seconds
  Import took 0.031379 seconds .

========================================================================
Received Import Request.
  Time since last request: 4.059781 seconds.
  path: Assets/Fungus/Resources/Prefabs/SayDialog.prefab
  artifactKey: Guid(8a005a9e0713f4cc1b5ad29fb07657d3) Importer(815301076,1909f56bfc062723c751e8b465ee728b)
Start importing Assets/Fungus/Resources/Prefabs/SayDialog.prefab using Guid(8a005a9e0713f4cc1b5ad29fb07657d3) Importer(815301076,1909f56bfc062723c751e8b465ee728b)  -> (artifact id: 'de6cddf96a18c3c76ea94ceb1ac581e3') in 0.017442 seconds
  Import took 0.026297 seconds .

========================================================================
Received Import Request.
  Time since last request: 4.997388 seconds.
  path: Assets/Fungus/Resources/Prefabs/SayDialog.prefab
  artifactKey: Guid(8a005a9e0713f4cc1b5ad29fb07657d3) Importer(815301076,1909f56bfc062723c751e8b465ee728b)
Start importing Assets/Fungus/Resources/Prefabs/SayDialog.prefab using Guid(8a005a9e0713f4cc1b5ad29fb07657d3) Importer(815301076,1909f56bfc062723c751e8b465ee728b)  -> (artifact id: '0df62872ae9f55423627d841449e8403') in 0.013545 seconds
  Import took 0.020247 seconds .

========================================================================
Received Import Request.
  Time since last request: 2.541381 seconds.
  path: Assets/Fungus/Resources/Prefabs/SayDialog.prefab
  artifactKey: Guid(8a005a9e0713f4cc1b5ad29fb07657d3) Importer(815301076,1909f56bfc062723c751e8b465ee728b)
Start importing Assets/Fungus/Resources/Prefabs/SayDialog.prefab using Guid(8a005a9e0713f4cc1b5ad29fb07657d3) Importer(815301076,1909f56bfc062723c751e8b465ee728b)  -> (artifact id: 'a6a791b1fd6bfa51fe74751966e8ba97') in 0.015565 seconds
  Import took 0.023274 seconds .

========================================================================
Received Prepare
Registering precompiled user dll's ...
Registered in 0.001925 seconds.
Begin MonoManager ReloadAssembly
Native extension for WindowsStandalone target not found
Native extension for OSXStandalone target not found
Native extension for WebGL target not found
Refreshing native plugins compatible for Editor in 0.56 ms, found 1 plugins.
Preloading 0 native plugins for Editor in 0.00 ms.
Invoked RoslynAnalysisRunner static constructor.
RoslynAnalysisRunner will not be running.
RoslynAnalysisRunner has terminated.
Mono: successfully reloaded assembly
- Completed reload, in  2.100 seconds
Platform modules already initialized, skipping
Refreshing native plugins compatible for Editor in 0.80 ms, found 1 plugins.
Preloading 0 native plugins for Editor in 0.00 ms.
Unloading 2530 Unused Serialized files (Serialized files now loaded: 0)
System memory in use before: 110.0 MB.
System memory in use after: 110.2 MB.

Unloading 8 unused Assets to reduce memory usage. Loaded Objects now: 3083.
Total: 3.198000 ms (FindLiveObjects: 0.366100 ms CreateObjectMapping: 0.129000 ms MarkObjects: 2.676900 ms  DeleteObjects: 0.024500 ms)

========================================================================
Received Import Request.
  Time since last request: 43.667014 seconds.
  path: Assets/Fungus/Resources/Prefabs/SayDialog.prefab
  artifactKey: Guid(8a005a9e0713f4cc1b5ad29fb07657d3) Importer(815301076,1909f56bfc062723c751e8b465ee728b)
Start importing Assets/Fungus/Resources/Prefabs/SayDialog.prefab using Guid(8a005a9e0713f4cc1b5ad29fb07657d3) Importer(815301076,1909f56bfc062723c751e8b465ee728b)  -> (artifact id: 'ed55567437472e3ca65e3560711b21c9') in 0.088707 seconds
  Import took 0.097304 seconds .

========================================================================
Received Import Request.
  Time since last request: 3.750746 seconds.
  path: Assets/Fungus/Resources/Prefabs/SayDialog.prefab
  artifactKey: Guid(8a005a9e0713f4cc1b5ad29fb07657d3) Importer(815301076,1909f56bfc062723c751e8b465ee728b)
Start importing Assets/Fungus/Resources/Prefabs/SayDialog.prefab using Guid(8a005a9e0713f4cc1b5ad29fb07657d3) Importer(815301076,1909f56bfc062723c751e8b465ee728b)  -> (artifact id: '8a503157baf4adb17c971334286d9431') in 0.032126 seconds
  Import took 0.047602 seconds .

========================================================================
Received Import Request.
  Time since last request: 2.467851 seconds.
  path: Assets/Fungus/Resources/Prefabs/SayDialog.prefab
  artifactKey: Guid(8a005a9e0713f4cc1b5ad29fb07657d3) Importer(815301076,1909f56bfc062723c751e8b465ee728b)
Start importing Assets/Fungus/Resources/Prefabs/SayDialog.prefab using Guid(8a005a9e0713f4cc1b5ad29fb07657d3) Importer(815301076,1909f56bfc062723c751e8b465ee728b)  -> (artifact id: 'b645e5e1bacb5bd02639c6e76aaeb6a3') in 0.017249 seconds
  Import took 0.025015 seconds .

========================================================================
Received Prepare
Registering precompiled user dll's ...
Registered in 0.001852 seconds.
Begin MonoManager ReloadAssembly
Native extension for WindowsStandalone target not found
Native extension for OSXStandalone target not found
Native extension for WebGL target not found
Refreshing native plugins compatible for Editor in 0.54 ms, found 1 plugins.
Preloading 0 native plugins for Editor in 0.00 ms.
Invoked RoslynAnalysisRunner static constructor.
RoslynAnalysisRunner will not be running.
RoslynAnalysisRunner has terminated.
Mono: successfully reloaded assembly
- Completed reload, in  1.243 seconds
Platform modules already initialized, skipping
Refreshing native plugins compatible for Editor in 0.55 ms, found 1 plugins.
Preloading 0 native plugins for Editor in 0.00 ms.
Unloading 2530 Unused Serialized files (Serialized files now loaded: 0)
System memory in use before: 110.0 MB.
System memory in use after: 110.2 MB.

Unloading 8 unused Assets to reduce memory usage. Loaded Objects now: 3085.
Total: 2.706200 ms (FindLiveObjects: 0.319300 ms CreateObjectMapping: 0.130000 ms MarkObjects: 2.233900 ms  DeleteObjects: 0.021900 ms)

========================================================================
Received Import Request.
  Time since last request: 143.604237 seconds.
  path: Assets/Fungus/Resources/Prefabs/SayDialog.prefab
  artifactKey: Guid(8a005a9e0713f4cc1b5ad29fb07657d3) Importer(815301076,1909f56bfc062723c751e8b465ee728b)
Start importing Assets/Fungus/Resources/Prefabs/SayDialog.prefab using Guid(8a005a9e0713f4cc1b5ad29fb07657d3) Importer(815301076,1909f56bfc062723c751e8b465ee728b)  -> (artifact id: 'b854b423e883e2b0bb9e8e8e1909ea66') in 0.066175 seconds
  Import took 0.071388 seconds .

========================================================================
Received Import Request.
  Time since last request: 3.887104 seconds.
  path: Assets/Fungus/Resources/Prefabs/SayDialog.prefab
  artifactKey: Guid(8a005a9e0713f4cc1b5ad29fb07657d3) Importer(815301076,1909f56bfc062723c751e8b465ee728b)
Start importing Assets/Fungus/Resources/Prefabs/SayDialog.prefab using Guid(8a005a9e0713f4cc1b5ad29fb07657d3) Importer(815301076,1909f56bfc062723c751e8b465ee728b)  -> (artifact id: '253540620bf17e3440c64903af08dca1') in 0.009880 seconds
  Import took 0.015650 seconds .

========================================================================
Received Import Request.
  Time since last request: 3.620449 seconds.
  path: Assets/Fungus/Resources/Prefabs/SayDialog.prefab
  artifactKey: Guid(8a005a9e0713f4cc1b5ad29fb07657d3) Importer(815301076,1909f56bfc062723c751e8b465ee728b)
Start importing Assets/Fungus/Resources/Prefabs/SayDialog.prefab using Guid(8a005a9e0713f4cc1b5ad29fb07657d3) Importer(815301076,1909f56bfc062723c751e8b465ee728b)  -> (artifact id: '3b818ace96c0b801a0d327a21478b522') in 0.013952 seconds
  Import took 0.021791 seconds .

========================================================================
Received Import Request.
  Time since last request: 3.818688 seconds.
  path: Assets/Fungus/Resources/Prefabs/SayDialog.prefab
  artifactKey: Guid(8a005a9e0713f4cc1b5ad29fb07657d3) Importer(815301076,1909f56bfc062723c751e8b465ee728b)
Start importing Assets/Fungus/Resources/Prefabs/SayDialog.prefab using Guid(8a005a9e0713f4cc1b5ad29fb07657d3) Importer(815301076,1909f56bfc062723c751e8b465ee728b)  -> (artifact id: '72fc00f7512e4898ef8f3e0a195083a7') in 0.013751 seconds
  Import took 0.019686 seconds .

========================================================================
Received Import Request.
  Time since last request: 5.667265 seconds.
  path: Assets/Fungus/Resources/Prefabs/SayDialog.prefab
  artifactKey: Guid(8a005a9e0713f4cc1b5ad29fb07657d3) Importer(815301076,1909f56bfc062723c751e8b465ee728b)
Start importing Assets/Fungus/Resources/Prefabs/SayDialog.prefab using Guid(8a005a9e0713f4cc1b5ad29fb07657d3) Importer(815301076,1909f56bfc062723c751e8b465ee728b)  -> (artifact id: '5921056730c68123d33dff5e64f8dc21') in 0.011596 seconds
  Import took 0.019193 seconds .

========================================================================
Received Import Request.
  Time since last request: 6.640240 seconds.
  path: Assets/Fungus/Resources/Prefabs/SayDialog.prefab
  artifactKey: Guid(8a005a9e0713f4cc1b5ad29fb07657d3) Importer(815301076,1909f56bfc062723c751e8b465ee728b)
Start importing Assets/Fungus/Resources/Prefabs/SayDialog.prefab using Guid(8a005a9e0713f4cc1b5ad29fb07657d3) Importer(815301076,1909f56bfc062723c751e8b465ee728b)  -> (artifact id: 'f0e8a15ba5fad2e75d05b8cfb0aac185') in 0.013010 seconds
  Import took 0.019868 seconds .

========================================================================
Received Import Request.
  Time since last request: 2.204911 seconds.
  path: Assets/Fungus/Resources/Prefabs/SayDialog.prefab
  artifactKey: Guid(8a005a9e0713f4cc1b5ad29fb07657d3) Importer(815301076,1909f56bfc062723c751e8b465ee728b)
Start importing Assets/Fungus/Resources/Prefabs/SayDialog.prefab using Guid(8a005a9e0713f4cc1b5ad29fb07657d3) Importer(815301076,1909f56bfc062723c751e8b465ee728b)  -> (artifact id: '3c08555d685196a99c8558686214c036') in 0.016359 seconds
  Import took 0.024766 seconds .

========================================================================
Received Prepare
Registering precompiled user dll's ...
Registered in 0.001693 seconds.
Begin MonoManager ReloadAssembly
Native extension for WindowsStandalone target not found
Native extension for OSXStandalone target not found
Native extension for WebGL target not found
Refreshing native plugins compatible for Editor in 0.53 ms, found 1 plugins.
Preloading 0 native plugins for Editor in 0.00 ms.
Invoked RoslynAnalysisRunner static constructor.
RoslynAnalysisRunner will not be running.
RoslynAnalysisRunner has terminated.
Mono: successfully reloaded assembly
- Completed reload, in  1.148 seconds
Platform modules already initialized, skipping
Refreshing native plugins compatible for Editor in 1.10 ms, found 1 plugins.
Preloading 0 native plugins for Editor in 0.00 ms.
Unloading 2530 Unused Serialized files (Serialized files now loaded: 0)
System memory in use before: 110.0 MB.
System memory in use after: 110.3 MB.

Unloading 8 unused Assets to reduce memory usage. Loaded Objects now: 3087.
Total: 3.899900 ms (FindLiveObjects: 0.661800 ms CreateObjectMapping: 0.180900 ms MarkObjects: 3.012100 ms  DeleteObjects: 0.043900 ms)

========================================================================
Received Import Request.
  Time since last request: 55.659013 seconds.
  path: Assets/Fungus/Resources/Prefabs/SayDialog.prefab
  artifactKey: Guid(8a005a9e0713f4cc1b5ad29fb07657d3) Importer(815301076,1909f56bfc062723c751e8b465ee728b)
Start importing Assets/Fungus/Resources/Prefabs/SayDialog.prefab using Guid(8a005a9e0713f4cc1b5ad29fb07657d3) Importer(815301076,1909f56bfc062723c751e8b465ee728b)  -> (artifact id: 'acb181ea13b39a03f5e3bd8693b2effd') in 0.063369 seconds
  Import took 0.068427 seconds .

========================================================================
Received Import Request.
  Time since last request: 3.883458 seconds.
  path: Assets/Fungus/Resources/Prefabs/SayDialog.prefab
  artifactKey: Guid(8a005a9e0713f4cc1b5ad29fb07657d3) Importer(815301076,1909f56bfc062723c751e8b465ee728b)
Start importing Assets/Fungus/Resources/Prefabs/SayDialog.prefab using Guid(8a005a9e0713f4cc1b5ad29fb07657d3) Importer(815301076,1909f56bfc062723c751e8b465ee728b)  -> (artifact id: 'b99e6f8cc235afdc4fd15954513af40d') in 0.011314 seconds
  Import took 0.017620 seconds .

========================================================================
Received Import Request.
  Time since last request: 11.114900 seconds.
  path: Assets/Fungus/Resources/Prefabs/SayDialog.prefab
  artifactKey: Guid(8a005a9e0713f4cc1b5ad29fb07657d3) Importer(815301076,1909f56bfc062723c751e8b465ee728b)
Start importing Assets/Fungus/Resources/Prefabs/SayDialog.prefab using Guid(8a005a9e0713f4cc1b5ad29fb07657d3) Importer(815301076,1909f56bfc062723c751e8b465ee728b)  -> (artifact id: 'e60dbd494e5d8b91ffbedf0782d7fdc1') in 0.011685 seconds
  Import took 0.018026 seconds .

========================================================================
Received Prepare
Registering precompiled user dll's ...
Registered in 0.001778 seconds.
Begin MonoManager ReloadAssembly
Native extension for WindowsStandalone target not found
Native extension for OSXStandalone target not found
Native extension for WebGL target not found
Refreshing native plugins compatible for Editor in 0.55 ms, found 1 plugins.
Preloading 0 native plugins for Editor in 0.00 ms.
Invoked RoslynAnalysisRunner static constructor.
RoslynAnalysisRunner will not be running.
RoslynAnalysisRunner has terminated.
Mono: successfully reloaded assembly
- Completed reload, in  1.111 seconds
Platform modules already initialized, skipping
Refreshing native plugins compatible for Editor in 0.91 ms, found 1 plugins.
Preloading 0 native plugins for Editor in 0.00 ms.
Unloading 2530 Unused Serialized files (Serialized files now loaded: 0)
System memory in use before: 110.1 MB.
System memory in use after: 110.3 MB.

Unloading 8 unused Assets to reduce memory usage. Loaded Objects now: 3089.
Total: 2.445100 ms (FindLiveObjects: 0.299700 ms CreateObjectMapping: 0.126700 ms MarkObjects: 1.996300 ms  DeleteObjects: 0.020900 ms)

========================================================================
Received Prepare
Registering precompiled user dll's ...
Registered in 0.002550 seconds.
Begin MonoManager ReloadAssembly
Native extension for WindowsStandalone target not found
Native extension for OSXStandalone target not found
Native extension for WebGL target not found
Refreshing native plugins compatible for Editor in 0.46 ms, found 1 plugins.
Preloading 0 native plugins for Editor in 0.00 ms.
Invoked RoslynAnalysisRunner static constructor.
RoslynAnalysisRunner will not be running.
RoslynAnalysisRunner has terminated.
Mono: successfully reloaded assembly
- Completed reload, in  1.070 seconds
Platform modules already initialized, skipping
Refreshing native plugins compatible for Editor in 0.52 ms, found 1 plugins.
Preloading 0 native plugins for Editor in 0.00 ms.
Unloading 2530 Unused Serialized files (Serialized files now loaded: 0)
System memory in use before: 110.1 MB.
System memory in use after: 110.3 MB.

Unloading 8 unused Assets to reduce memory usage. Loaded Objects now: 3091.
Total: 2.551300 ms (FindLiveObjects: 0.280800 ms CreateObjectMapping: 0.124400 ms MarkObjects: 2.124500 ms  DeleteObjects: 0.020500 ms)

========================================================================
Received Import Request.
  Time since last request: 64.206417 seconds.
  path: Assets/Fungus/Resources/Prefabs/SayDialog.prefab
  artifactKey: Guid(8a005a9e0713f4cc1b5ad29fb07657d3) Importer(815301076,1909f56bfc062723c751e8b465ee728b)
Start importing Assets/Fungus/Resources/Prefabs/SayDialog.prefab using Guid(8a005a9e0713f4cc1b5ad29fb07657d3) Importer(815301076,1909f56bfc062723c751e8b465ee728b)  -> (artifact id: '4e3e662db001d0f012fbf0d73f35bddc') in 0.062527 seconds
  Import took 0.067652 seconds .

========================================================================
Received Import Request.
  Time since last request: 137.523861 seconds.
  path: Assets/Fungus/Resources/Prefabs/MenuDialog.prefab
  artifactKey: Guid(9bb64c8df70904eecac3f71f81bf339b) Importer(815301076,1909f56bfc062723c751e8b465ee728b)
Start importing Assets/Fungus/Resources/Prefabs/MenuDialog.prefab using Guid(9bb64c8df70904eecac3f71f81bf339b) Importer(815301076,1909f56bfc062723c751e8b465ee728b)  -> (artifact id: '106a1d99fd405cf6dfa8550329e7cebf') in 0.024407 seconds
  Import took 0.031035 seconds .

========================================================================
Received Import Request.
  Time since last request: 0.000549 seconds.
  path: Assets/Fungus/Resources/Prefabs/SaveMenu.prefab
  artifactKey: Guid(bd2b99773f3e0489aae9f9b5053ad360) Importer(815301076,1909f56bfc062723c751e8b465ee728b)
Start importing Assets/Fungus/Resources/Prefabs/SaveMenu.prefab using Guid(bd2b99773f3e0489aae9f9b5053ad360) Importer(815301076,1909f56bfc062723c751e8b465ee728b)  -> (artifact id: '42cd5958abf966785d6bdd33c1814abb') in 0.030893 seconds
  Import took 0.036929 seconds .

========================================================================
Received Prepare
Registering precompiled user dll's ...
Registered in 0.001734 seconds.
Begin MonoManager ReloadAssembly
Native extension for WindowsStandalone target not found
Native extension for OSXStandalone target not found
Native extension for WebGL target not found
Refreshing native plugins compatible for Editor in 0.48 ms, found 1 plugins.
Preloading 0 native plugins for Editor in 0.00 ms.
Invoked RoslynAnalysisRunner static constructor.
RoslynAnalysisRunner will not be running.
RoslynAnalysisRunner has terminated.
Mono: successfully reloaded assembly
- Completed reload, in  1.166 seconds
Platform modules already initialized, skipping
Refreshing native plugins compatible for Editor in 0.51 ms, found 1 plugins.
Preloading 0 native plugins for Editor in 0.00 ms.
Unloading 2530 Unused Serialized files (Serialized files now loaded: 0)
System memory in use before: 110.1 MB.
System memory in use after: 110.3 MB.

Unloading 11 unused Assets to reduce memory usage. Loaded Objects now: 3093.
Total: 2.672800 ms (FindLiveObjects: 0.346100 ms CreateObjectMapping: 0.157300 ms MarkObjects: 2.136600 ms  DeleteObjects: 0.030900 ms)

========================================================================
Received Import Request.
  Time since last request: 32.694084 seconds.
  path: Assets/Fungus/Resources/Prefabs/MenuDialog.prefab
  artifactKey: Guid(9bb64c8df70904eecac3f71f81bf339b) Importer(815301076,1909f56bfc062723c751e8b465ee728b)
Start importing Assets/Fungus/Resources/Prefabs/MenuDialog.prefab using Guid(9bb64c8df70904eecac3f71f81bf339b) Importer(815301076,1909f56bfc062723c751e8b465ee728b)  -> (artifact id: '1c63dce745cef25b5cb21e48ad65f7c7') in 0.066847 seconds
  Import took 0.071833 seconds .

========================================================================
Received Import Request.
  Time since last request: 10.095413 seconds.
  path: Assets/Fungus/Resources/Prefabs/MenuDialog.prefab
  artifactKey: Guid(9bb64c8df70904eecac3f71f81bf339b) Importer(815301076,1909f56bfc062723c751e8b465ee728b)
Start importing Assets/Fungus/Resources/Prefabs/MenuDialog.prefab using Guid(9bb64c8df70904eecac3f71f81bf339b) Importer(815301076,1909f56bfc062723c751e8b465ee728b)  -> (artifact id: 'e05b18dc415168c1cb2883ae19853b17') in 0.011326 seconds
  Import took 0.017999 seconds .

========================================================================
Received Import Request.
  Time since last request: 121.631769 seconds.
  path: Assets/Fungus/Resources/Prefabs/MenuDialog.prefab
  artifactKey: Guid(9bb64c8df70904eecac3f71f81bf339b) Importer(815301076,1909f56bfc062723c751e8b465ee728b)
Start importing Assets/Fungus/Resources/Prefabs/MenuDialog.prefab using Guid(9bb64c8df70904eecac3f71f81bf339b) Importer(815301076,1909f56bfc062723c751e8b465ee728b)  -> (artifact id: '25e675c4bf61ba1a396ae394c993bd4b') in 0.010824 seconds
  Import took 0.017229 seconds .

========================================================================
Received Import Request.
  Time since last request: 7.037168 seconds.
  path: Assets/Fungus/Resources/Prefabs/MenuDialog.prefab
  artifactKey: Guid(9bb64c8df70904eecac3f71f81bf339b) Importer(815301076,1909f56bfc062723c751e8b465ee728b)
Start importing Assets/Fungus/Resources/Prefabs/MenuDialog.prefab using Guid(9bb64c8df70904eecac3f71f81bf339b) Importer(815301076,1909f56bfc062723c751e8b465ee728b)  -> (artifact id: 'deb79c5b461ade53743fc12f92eeb967') in 0.010041 seconds
  Import took 0.016506 seconds .

========================================================================
Received Import Request.
  Time since last request: 22.390499 seconds.
  path: Assets/Fungus/Resources/Prefabs/MenuDialog.prefab
  artifactKey: Guid(9bb64c8df70904eecac3f71f81bf339b) Importer(815301076,1909f56bfc062723c751e8b465ee728b)
Start importing Assets/Fungus/Resources/Prefabs/MenuDialog.prefab using Guid(9bb64c8df70904eecac3f71f81bf339b) Importer(815301076,1909f56bfc062723c751e8b465ee728b)  -> (artifact id: 'c4acab2cbf10e413b3be8d10fb60c419') in 0.011150 seconds
  Import took 0.016392 seconds .

AssetImportWorkerClient::OnTransportError - code=2 error=End of file
